{"name": "test_app_article_1_python", "status": "broken", "statusDetails": {"message": "selenium.common.exceptions.TimeoutException: Message:", "trace": "a = (<scripts.test06_app_article.TestAppArticle testMethod=test_app_article_1_python>,)\n\n    @wraps(func)\n    def standalone_func(*a):\n>       return func(*(a + p.args), **p.kwargs)\n\ne:\\python38\\lib\\site-packages\\parameterized\\parameterized.py:530: \n_ _ _ _ _ _ _ _ _ _ _ _ _ _ _ _ _ _ _ _ _ _ _ _ _ _ _ _ _ _ _ _ _ _ _ _ _ _ _ _ _ _ _ _ _ _ _ _ _ _ _ _ _ _ _ _ _ _ _ _ _ _ _ _ _ _ _ _ _ _ _ _ _ _ _ _ _ \nscripts\\test06_app_article.py:38: in test_app_article\n    self.ar.page_app_article(click_channel, click_title)\npages\\page_app_article.py:16: in page_app_article\n    self.page_app_find_channel(click_channel)\npages\\page_app_article.py:9: in page_app_find_channel\n    self.app_base_right_swipe_left(pages.app_el_area, click_channel)\nbase\\app_base.py:39: in app_base_right_swipe_left\n    el = self.base_get_element(loc_area)\nbase\\base.py:15: in base_get_element\n    return WebDriverWait(self.driver, timeout=timeout, poll_frequency=poll) \\\n_ _ _ _ _ _ _ _ _ _ _ _ _ _ _ _ _ _ _ _ _ _ _ _ _ _ _ _ _ _ _ _ _ _ _ _ _ _ _ _ _ _ _ _ _ _ _ _ _ _ _ _ _ _ _ _ _ _ _ _ _ _ _ _ _ _ _ _ _ _ _ _ _ _ _ _ _ \n\nself = <selenium.webdriver.support.wait.WebDriverWait (session=\"e5fa82dc-ba7d-4fe1-8c86-926e5771c684\")>\nmethod = <function Base.base_get_element.<locals>.<lambda> at 0x0000017B76077940>, message = ''\n\n    def until(self, method, message=''):\n        \"\"\"Calls the method provided with the driver as an argument until the \\\n        return value is not False.\"\"\"\n        screen = None\n        stacktrace = None\n    \n        end_time = time.time() + self._timeout\n        while True:\n            try:\n                value = method(self._driver)\n                if value:\n                    return value\n            except self._ignored_exceptions as exc:\n                screen = getattr(exc, 'screen', None)\n                stacktrace = getattr(exc, 'stacktrace', None)\n            time.sleep(self._poll)\n            if time.time() > end_time:\n                break\n>       raise TimeoutException(message, screen, stacktrace)\nE       selenium.common.exceptions.TimeoutException: Message:\n\ne:\\python38\\lib\\site-packages\\selenium\\webdriver\\support\\wait.py:80: TimeoutException"}, "attachments": [{"name": "log", "source": "2fc11721-10fa-44f4-a154-73167cfab505-attachment.txt", "type": "text/plain"}], "start": 1600851949250, "stop": 1600851979875, "uuid": "817ad2a4-1d67-48c7-b260-d69ed9354c99", "historyId": "246a1f0d7183ac2ee7850f9f4653813d", "testCaseId": "8fa294538202eb2768684259b6b55c05", "fullName": "scripts.test06_app_article.TestAppArticle#test_app_article_1_python", "labels": [{"name": "parentSuite", "value": "scripts"}, {"name": "suite", "value": "test06_app_article"}, {"name": "subSuite", "value": "TestAppArticle"}, {"name": "host", "value": "DESKTOP-DGCGN8L"}, {"name": "thread", "value": "11956-MainThread"}, {"name": "framework", "value": "pytest"}, {"name": "language", "value": "cpython3"}, {"name": "package", "value": "scripts.test06_app_article"}]}