{
  "uid" : "f37a2e7917c364e4",
  "name" : "test_app_article_1_python",
  "fullName" : "scripts.test06_app_article.TestAppArticle#test_app_article_1_python",
  "historyId" : "246a1f0d7183ac2ee7850f9f4653813d",
  "time" : {
    "start" : 1600851949250,
    "stop" : 1600851979875,
    "duration" : 30625
  },
  "status" : "broken",
  "statusMessage" : "selenium.common.exceptions.TimeoutException: Message:",
  "statusTrace" : "a = (<scripts.test06_app_article.TestAppArticle testMethod=test_app_article_1_python>,)\n\n    @wraps(func)\n    def standalone_func(*a):\n>       return func(*(a + p.args), **p.kwargs)\n\ne:\\python38\\lib\\site-packages\\parameterized\\parameterized.py:530: \n_ _ _ _ _ _ _ _ _ _ _ _ _ _ _ _ _ _ _ _ _ _ _ _ _ _ _ _ _ _ _ _ _ _ _ _ _ _ _ _ _ _ _ _ _ _ _ _ _ _ _ _ _ _ _ _ _ _ _ _ _ _ _ _ _ _ _ _ _ _ _ _ _ _ _ _ _ \nscripts\\test06_app_article.py:38: in test_app_article\n    self.ar.page_app_article(click_channel, click_title)\npages\\page_app_article.py:16: in page_app_article\n    self.page_app_find_channel(click_channel)\npages\\page_app_article.py:9: in page_app_find_channel\n    self.app_base_right_swipe_left(pages.app_el_area, click_channel)\nbase\\app_base.py:39: in app_base_right_swipe_left\n    el = self.base_get_element(loc_area)\nbase\\base.py:15: in base_get_element\n    return WebDriverWait(self.driver, timeout=timeout, poll_frequency=poll) \\\n_ _ _ _ _ _ _ _ _ _ _ _ _ _ _ _ _ _ _ _ _ _ _ _ _ _ _ _ _ _ _ _ _ _ _ _ _ _ _ _ _ _ _ _ _ _ _ _ _ _ _ _ _ _ _ _ _ _ _ _ _ _ _ _ _ _ _ _ _ _ _ _ _ _ _ _ _ \n\nself = <selenium.webdriver.support.wait.WebDriverWait (session=\"e5fa82dc-ba7d-4fe1-8c86-926e5771c684\")>\nmethod = <function Base.base_get_element.<locals>.<lambda> at 0x0000017B76077940>, message = ''\n\n    def until(self, method, message=''):\n        \"\"\"Calls the method provided with the driver as an argument until the \\\n        return value is not False.\"\"\"\n        screen = None\n        stacktrace = None\n    \n        end_time = time.time() + self._timeout\n        while True:\n            try:\n                value = method(self._driver)\n                if value:\n                    return value\n            except self._ignored_exceptions as exc:\n                screen = getattr(exc, 'screen', None)\n                stacktrace = getattr(exc, 'stacktrace', None)\n            time.sleep(self._poll)\n            if time.time() > end_time:\n                break\n>       raise TimeoutException(message, screen, stacktrace)\nE       selenium.common.exceptions.TimeoutException: Message:\n\ne:\\python38\\lib\\site-packages\\selenium\\webdriver\\support\\wait.py:80: TimeoutException",
  "flaky" : false,
  "newFailed" : false,
  "beforeStages" : [ {
    "name" : "_UnitTestCase__pytest_class_setup",
    "time" : {
      "start" : 1600851899703,
      "stop" : 1600851926052,
      "duration" : 26349
    },
    "status" : "passed",
    "steps" : [ ],
    "attachments" : [ ],
    "parameters" : [ ],
    "shouldDisplayMessage" : false,
    "attachmentsCount" : 0,
    "hasContent" : false,
    "stepsCount" : 0
  } ],
  "testStage" : {
    "status" : "broken",
    "statusMessage" : "selenium.common.exceptions.TimeoutException: Message:",
    "statusTrace" : "a = (<scripts.test06_app_article.TestAppArticle testMethod=test_app_article_1_python>,)\n\n    @wraps(func)\n    def standalone_func(*a):\n>       return func(*(a + p.args), **p.kwargs)\n\ne:\\python38\\lib\\site-packages\\parameterized\\parameterized.py:530: \n_ _ _ _ _ _ _ _ _ _ _ _ _ _ _ _ _ _ _ _ _ _ _ _ _ _ _ _ _ _ _ _ _ _ _ _ _ _ _ _ _ _ _ _ _ _ _ _ _ _ _ _ _ _ _ _ _ _ _ _ _ _ _ _ _ _ _ _ _ _ _ _ _ _ _ _ _ \nscripts\\test06_app_article.py:38: in test_app_article\n    self.ar.page_app_article(click_channel, click_title)\npages\\page_app_article.py:16: in page_app_article\n    self.page_app_find_channel(click_channel)\npages\\page_app_article.py:9: in page_app_find_channel\n    self.app_base_right_swipe_left(pages.app_el_area, click_channel)\nbase\\app_base.py:39: in app_base_right_swipe_left\n    el = self.base_get_element(loc_area)\nbase\\base.py:15: in base_get_element\n    return WebDriverWait(self.driver, timeout=timeout, poll_frequency=poll) \\\n_ _ _ _ _ _ _ _ _ _ _ _ _ _ _ _ _ _ _ _ _ _ _ _ _ _ _ _ _ _ _ _ _ _ _ _ _ _ _ _ _ _ _ _ _ _ _ _ _ _ _ _ _ _ _ _ _ _ _ _ _ _ _ _ _ _ _ _ _ _ _ _ _ _ _ _ _ \n\nself = <selenium.webdriver.support.wait.WebDriverWait (session=\"e5fa82dc-ba7d-4fe1-8c86-926e5771c684\")>\nmethod = <function Base.base_get_element.<locals>.<lambda> at 0x0000017B76077940>, message = ''\n\n    def until(self, method, message=''):\n        \"\"\"Calls the method provided with the driver as an argument until the \\\n        return value is not False.\"\"\"\n        screen = None\n        stacktrace = None\n    \n        end_time = time.time() + self._timeout\n        while True:\n            try:\n                value = method(self._driver)\n                if value:\n                    return value\n            except self._ignored_exceptions as exc:\n                screen = getattr(exc, 'screen', None)\n                stacktrace = getattr(exc, 'stacktrace', None)\n            time.sleep(self._poll)\n            if time.time() > end_time:\n                break\n>       raise TimeoutException(message, screen, stacktrace)\nE       selenium.common.exceptions.TimeoutException: Message:\n\ne:\\python38\\lib\\site-packages\\selenium\\webdriver\\support\\wait.py:80: TimeoutException",
    "steps" : [ ],
    "attachments" : [ {
      "uid" : "35254061e58baddb",
      "name" : "log",
      "source" : "35254061e58baddb.txt",
      "type" : "text/plain",
      "size" : 398
    } ],
    "parameters" : [ ],
    "shouldDisplayMessage" : true,
    "attachmentsCount" : 1,
    "hasContent" : true,
    "stepsCount" : 0
  },
  "afterStages" : [ {
    "name" : "_UnitTestCase__pytest_class_setup::0",
    "time" : {
      "start" : 1600851979892,
      "stop" : 1600851981624,
      "duration" : 1732
    },
    "status" : "passed",
    "steps" : [ ],
    "attachments" : [ ],
    "parameters" : [ ],
    "shouldDisplayMessage" : false,
    "attachmentsCount" : 0,
    "hasContent" : false,
    "stepsCount" : 0
  } ],
  "labels" : [ {
    "name" : "parentSuite",
    "value" : "scripts"
  }, {
    "name" : "suite",
    "value" : "test06_app_article"
  }, {
    "name" : "subSuite",
    "value" : "TestAppArticle"
  }, {
    "name" : "host",
    "value" : "DESKTOP-DGCGN8L"
  }, {
    "name" : "thread",
    "value" : "11956-MainThread"
  }, {
    "name" : "framework",
    "value" : "pytest"
  }, {
    "name" : "language",
    "value" : "cpython3"
  }, {
    "name" : "package",
    "value" : "scripts.test06_app_article"
  }, {
    "name" : "resultFormat",
    "value" : "allure2"
  } ],
  "parameters" : [ ],
  "links" : [ ],
  "hidden" : true,
  "retry" : true,
  "extra" : {
    "categories" : [ ],
    "tags" : [ ]
  },
  "source" : "f37a2e7917c364e4.json",
  "parameterValues" : [ ]
}